2021-11-02 14:31:47,611:INFO:PyCaret Supervised Module
2021-11-02 14:31:47,611:INFO:ML Usecase: classification
2021-11-02 14:31:47,611:INFO:version 2.3.3
2021-11-02 14:31:47,612:INFO:Initializing setup()
2021-11-02 14:31:47,612:INFO:setup(target=default, ml_usecase=classification, available_plots={'parameter': 'Hyperparameters', 'auc': 'AUC', 'confusion_matrix': 'Confusion Matrix', 'threshold': 'Threshold', 'pr': 'Precision Recall', 'error': 'Prediction Error', 'class_report': 'Class Report', 'rfe': 'Feature Selection', 'learning': 'Learning Curve', 'manifold': 'Manifold Learning', 'calibration': 'Calibration Curve', 'vc': 'Validation Curve', 'dimension': 'Dimensions', 'feature': 'Feature Importance', 'feature_all': 'Feature Importance (All)', 'boundary': 'Decision Boundary', 'lift': 'Lift Chart', 'gain': 'Gain Chart', 'tree': 'Decision Tree', 'ks': 'KS Statistic Plot'}, train_size=0.7, test_data=None, preprocess=True, imputation_type=simple, iterative_imputation_iters=5, categorical_features=None, categorical_imputation=constant, categorical_iterative_imputer=lightgbm, ordinal_features=None, high_cardinality_features=None, high_cardinality_method=frequency, numeric_features=None, numeric_imputation=mean, numeric_iterative_imputer=lightgbm, date_features=None, ignore_features=None, normalize=False, normalize_method=zscore, transformation=False, transformation_method=yeo-johnson, handle_unknown_categorical=True, unknown_categorical_method=least_frequent, pca=False, pca_method=linear, pca_components=None, ignore_low_variance=False, combine_rare_levels=False, rare_level_threshold=0.1, bin_numeric_features=None, remove_outliers=False, outliers_threshold=0.05, remove_multicollinearity=False, multicollinearity_threshold=0.9, remove_perfect_collinearity=True, create_clusters=False, cluster_iter=20, polynomial_features=False, polynomial_degree=2, trigonometry_features=False, polynomial_threshold=0.1, group_features=None, group_names=None, feature_selection=False, feature_selection_threshold=0.8, feature_selection_method=classic, feature_interaction=False, feature_ratio=False, interaction_threshold=0.01, fix_imbalance=False, fix_imbalance_method=None, transform_target=False, transform_target_method=box-cox, data_split_shuffle=True, data_split_stratify=False, fold_strategy=stratifiedkfold, fold=10, fold_shuffle=False, fold_groups=None, n_jobs=-1, use_gpu=False, custom_pipeline=None, html=True, session_id=123, log_experiment=False, experiment_name=None, log_plots=False, log_profile=False, log_data=False, silent=False, verbose=True, profile=False, profile_kwargs=None, display=None)
2021-11-02 14:31:47,612:INFO:Checking environment
2021-11-02 14:31:47,613:INFO:python_version: 3.8.11
2021-11-02 14:31:47,613:INFO:python_build: ('default', 'Aug  6 2021 08:56:27')
2021-11-02 14:31:47,613:INFO:machine: x86_64
2021-11-02 14:31:47,613:INFO:platform: macOS-10.14.6-x86_64-i386-64bit
2021-11-02 14:31:47,615:WARNING:cannot find psutil installation. memory not traceable. Install psutil using pip to enable memory logging.
2021-11-02 14:31:47,615:INFO:Checking libraries
2021-11-02 14:31:47,615:INFO:pd==1.3.2
2021-11-02 14:31:47,615:INFO:numpy==1.19.5
2021-11-02 14:31:47,616:INFO:sklearn==0.23.2
2021-11-02 14:31:47,616:INFO:lightgbm==3.2.1
2021-11-02 14:31:47,617:WARNING:catboost not found
2021-11-02 14:31:47,617:WARNING:xgboost not found
2021-11-02 14:31:54,998:INFO:mlflow==1.19.0
2021-11-02 14:31:54,998:INFO:Checking Exceptions
2021-11-02 14:31:54,999:INFO:Declaring global variables
2021-11-02 14:31:54,999:INFO:USI: 482d
2021-11-02 14:31:54,999:INFO:pycaret_globals: {'iterative_imputation_iters_param', 'stratify_param', '_available_plots', 'X', 'X_test', 'logging_param', 'fold_param', 'prep_pipe', 'fold_groups_param', 'fold_generator', 'n_jobs_param', 'fix_imbalance_param', 'fold_groups_param_full', 'transform_target_param', 'fix_imbalance_method_param', '_gpu_n_jobs_param', 'imputation_classifier', 'display_container', 'experiment__', 'USI', 'seed', 'log_plots_param', '_all_models', '_ml_usecase', '_all_models_internal', '_internal_pipeline', 'fold_shuffle_param', 'imputation_regressor', 'y', 'exp_name_log', 'X_train', 'y_train', '_all_metrics', 'target_param', 'gpu_param', 'transform_target_method_param', 'y_test', 'pycaret_globals', 'master_model_container', 'create_model_container', 'data_before_preprocess', 'html_param'}
2021-11-02 14:31:54,999:INFO:Preparing display monitor
2021-11-02 14:31:54,999:INFO:Preparing display monitor
2021-11-02 14:31:55,098:INFO:Importing libraries
2021-11-02 14:31:55,098:INFO:Copying data for preprocessing
2021-11-02 14:31:55,121:INFO:Declaring preprocessing parameters
2021-11-02 14:31:55,143:INFO:Creating preprocessing pipeline
2021-11-02 14:31:55,316:INFO:Preprocessing pipeline created successfully
2021-11-02 14:31:55,316:ERROR:(Process Exit): setup has been interupted with user command 'quit'. setup must rerun.
2021-11-02 14:31:55,316:INFO:Creating global containers
2021-11-02 14:31:55,335:INFO:Internal pipeline: Pipeline(memory=None, steps=[('empty_step', 'passthrough')], verbose=False)
2021-11-02 14:35:25,035:WARNING:Couldn't import xgboost.XGBClassifier
2021-11-02 14:35:25,036:WARNING:Couldn't import catboost.CatBoostClassifier
2021-11-02 14:35:25,123:WARNING:Couldn't import xgboost.XGBClassifier
2021-11-02 14:35:25,124:WARNING:Couldn't import catboost.CatBoostClassifier
2021-11-02 14:35:25,125:INFO:Creating grid variables
2021-11-02 14:35:25,140:INFO:create_model_container: 0
2021-11-02 14:35:25,141:INFO:master_model_container: 0
2021-11-02 14:35:25,141:INFO:display_container: 1
2021-11-02 14:35:25,151:INFO:Pipeline(memory=None,
         steps=[('dtypes',
                 DataTypes_Auto_infer(categorical_features=[],
                                      display_types=True, features_todrop=[],
                                      id_columns=[],
                                      ml_usecase='classification',
                                      numerical_features=[], target='default',
                                      time_features=[])),
                ('imputer',
                 Simple_Imputer(categorical_strategy='not_available',
                                fill_value_categorical=None,
                                fill_value_numerical=None,
                                numeric_stra...
                ('scaling', 'passthrough'), ('P_transform', 'passthrough'),
                ('binn', 'passthrough'), ('rem_outliers', 'passthrough'),
                ('cluster_all', 'passthrough'),
                ('dummy', Dummify(target='default')),
                ('fix_perfect', Remove_100(target='default')),
                ('clean_names', Clean_Colum_Names()),
                ('feature_select', 'passthrough'), ('fix_multi', 'passthrough'),
                ('dfs', 'passthrough'), ('pca', 'passthrough')],
         verbose=False)
2021-11-02 14:35:25,151:INFO:setup() succesfully completed......................................
2021-11-02 14:38:50,776:INFO:Initializing compare_models()
2021-11-02 14:38:50,776:INFO:compare_models(include=None, fold=None, round=4, cross_validation=True, sort=Accuracy, n_select=1, budget_time=None, turbo=True, errors=ignore, fit_kwargs=None, groups=None, verbose=True, display=None, exclude=None)
2021-11-02 14:38:50,776:INFO:Checking exceptions
2021-11-02 14:38:50,778:INFO:Preparing display monitor
2021-11-02 14:38:50,778:INFO:Preparing display monitor
2021-11-02 14:38:50,870:INFO:Initializing Logistic Regression
2021-11-02 14:38:50,871:INFO:Total runtime is 6.830692291259765e-06 minutes
2021-11-02 14:38:50,893:INFO:SubProcess create_model() called ==================================
2021-11-02 14:38:50,894:INFO:Initializing create_model()
2021-11-02 14:38:50,894:INFO:create_model(estimator=lr, fold=StratifiedKFold(n_splits=10, random_state=None, shuffle=False), round=4, cross_validation=True, predict=True, fit_kwargs={}, groups=None, refit=False, verbose=False, system=False, metrics=None, display=<pycaret.internal.Display.Display object at 0x109a301c0>, kwargs={})
2021-11-02 14:38:50,894:INFO:Checking exceptions
2021-11-02 14:38:50,894:INFO:Importing libraries
2021-11-02 14:38:50,894:INFO:Copying training dataset
2021-11-02 14:38:50,899:INFO:Defining folds
2021-11-02 14:38:50,900:INFO:Declaring metric variables
2021-11-02 14:38:50,917:INFO:Importing untrained model
2021-11-02 14:38:50,931:INFO:Logistic Regression Imported succesfully
2021-11-02 14:38:50,968:INFO:Starting cross validation
2021-11-02 14:38:50,969:INFO:Cross validating with StratifiedKFold(n_splits=10, random_state=None, shuffle=False), n_jobs=-1
2021-11-02 14:39:13,569:INFO:Calculating mean and std
2021-11-02 14:39:13,594:INFO:Creating metrics dataframe
2021-11-02 14:39:13,602:INFO:Uploading results into container
2021-11-02 14:39:13,602:INFO:Uploading model into container now
2021-11-02 14:39:13,602:INFO:create_model_container: 1
2021-11-02 14:39:13,602:INFO:master_model_container: 1
2021-11-02 14:39:13,602:INFO:display_container: 2
2021-11-02 14:39:13,603:INFO:LogisticRegression(C=1.0, class_weight=None, dual=False, fit_intercept=True,
                   intercept_scaling=1, l1_ratio=None, max_iter=1000,
                   multi_class='auto', n_jobs=None, penalty='l2',
                   random_state=123, solver='lbfgs', tol=0.0001, verbose=0,
                   warm_start=False)
2021-11-02 14:39:13,603:INFO:create_model() succesfully completed......................................
2021-11-02 14:39:13,706:INFO:SubProcess create_model() end ==================================
2021-11-02 14:39:13,706:INFO:Creating metrics dataframe
2021-11-02 14:39:13,725:INFO:Initializing K Neighbors Classifier
2021-11-02 14:39:13,725:INFO:Total runtime is 0.3809106628100077 minutes
2021-11-02 14:39:13,744:INFO:SubProcess create_model() called ==================================
2021-11-02 14:39:13,745:INFO:Initializing create_model()
2021-11-02 14:39:13,745:INFO:create_model(estimator=knn, fold=StratifiedKFold(n_splits=10, random_state=None, shuffle=False), round=4, cross_validation=True, predict=True, fit_kwargs={}, groups=None, refit=False, verbose=False, system=False, metrics=None, display=<pycaret.internal.Display.Display object at 0x109a301c0>, kwargs={})
2021-11-02 14:39:13,745:INFO:Checking exceptions
2021-11-02 14:39:13,745:INFO:Importing libraries
2021-11-02 14:39:13,745:INFO:Copying training dataset
2021-11-02 14:39:13,750:INFO:Defining folds
2021-11-02 14:39:13,750:INFO:Declaring metric variables
2021-11-02 14:39:13,762:INFO:Importing untrained model
2021-11-02 14:39:13,775:INFO:K Neighbors Classifier Imported succesfully
2021-11-02 14:39:13,805:INFO:Starting cross validation
2021-11-02 14:39:13,806:INFO:Cross validating with StratifiedKFold(n_splits=10, random_state=None, shuffle=False), n_jobs=-1
2021-11-02 14:39:18,951:INFO:Calculating mean and std
2021-11-02 14:39:18,952:INFO:Creating metrics dataframe
2021-11-02 14:39:18,956:INFO:Uploading results into container
2021-11-02 14:39:18,957:INFO:Uploading model into container now
2021-11-02 14:39:18,957:INFO:create_model_container: 2
2021-11-02 14:39:18,957:INFO:master_model_container: 2
2021-11-02 14:39:18,957:INFO:display_container: 2
2021-11-02 14:39:18,957:INFO:KNeighborsClassifier(algorithm='auto', leaf_size=30, metric='minkowski',
                     metric_params=None, n_jobs=-1, n_neighbors=5, p=2,
                     weights='uniform')
2021-11-02 14:39:18,957:INFO:create_model() succesfully completed......................................
2021-11-02 14:39:19,039:INFO:SubProcess create_model() end ==================================
2021-11-02 14:39:19,040:INFO:Creating metrics dataframe
2021-11-02 14:39:19,089:INFO:Initializing Naive Bayes
2021-11-02 14:39:19,089:INFO:Total runtime is 0.4703186472256978 minutes
2021-11-02 14:39:19,106:INFO:SubProcess create_model() called ==================================
2021-11-02 14:39:19,106:INFO:Initializing create_model()
2021-11-02 14:39:19,106:INFO:create_model(estimator=nb, fold=StratifiedKFold(n_splits=10, random_state=None, shuffle=False), round=4, cross_validation=True, predict=True, fit_kwargs={}, groups=None, refit=False, verbose=False, system=False, metrics=None, display=<pycaret.internal.Display.Display object at 0x109a301c0>, kwargs={})
2021-11-02 14:39:19,106:INFO:Checking exceptions
2021-11-02 14:39:19,107:INFO:Importing libraries
2021-11-02 14:39:19,107:INFO:Copying training dataset
2021-11-02 14:39:19,109:INFO:Defining folds
2021-11-02 14:39:19,110:INFO:Declaring metric variables
2021-11-02 14:39:19,121:INFO:Importing untrained model
2021-11-02 14:39:19,135:INFO:Naive Bayes Imported succesfully
2021-11-02 14:39:19,170:INFO:Starting cross validation
2021-11-02 14:39:19,171:INFO:Cross validating with StratifiedKFold(n_splits=10, random_state=None, shuffle=False), n_jobs=-1
2021-11-02 14:39:20,060:INFO:Calculating mean and std
2021-11-02 14:39:20,061:INFO:Creating metrics dataframe
2021-11-02 14:39:20,066:INFO:Uploading results into container
2021-11-02 14:39:20,066:INFO:Uploading model into container now
2021-11-02 14:39:20,066:INFO:create_model_container: 3
2021-11-02 14:39:20,067:INFO:master_model_container: 3
2021-11-02 14:39:20,067:INFO:display_container: 2
2021-11-02 14:39:20,067:INFO:GaussianNB(priors=None, var_smoothing=1e-09)
2021-11-02 14:39:20,067:INFO:create_model() succesfully completed......................................
2021-11-02 14:39:20,160:INFO:SubProcess create_model() end ==================================
2021-11-02 14:39:20,160:INFO:Creating metrics dataframe
2021-11-02 14:39:20,179:INFO:Initializing Decision Tree Classifier
2021-11-02 14:39:20,179:INFO:Total runtime is 0.48847983280817664 minutes
2021-11-02 14:39:20,192:INFO:SubProcess create_model() called ==================================
2021-11-02 14:39:20,192:INFO:Initializing create_model()
2021-11-02 14:39:20,192:INFO:create_model(estimator=dt, fold=StratifiedKFold(n_splits=10, random_state=None, shuffle=False), round=4, cross_validation=True, predict=True, fit_kwargs={}, groups=None, refit=False, verbose=False, system=False, metrics=None, display=<pycaret.internal.Display.Display object at 0x109a301c0>, kwargs={})
2021-11-02 14:39:20,192:INFO:Checking exceptions
2021-11-02 14:39:20,193:INFO:Importing libraries
2021-11-02 14:39:20,193:INFO:Copying training dataset
2021-11-02 14:39:20,195:INFO:Defining folds
2021-11-02 14:39:20,196:INFO:Declaring metric variables
2021-11-02 14:39:20,210:INFO:Importing untrained model
2021-11-02 14:39:20,221:INFO:Decision Tree Classifier Imported succesfully
2021-11-02 14:39:20,248:INFO:Starting cross validation
2021-11-02 14:39:20,249:INFO:Cross validating with StratifiedKFold(n_splits=10, random_state=None, shuffle=False), n_jobs=-1
2021-11-02 14:39:22,777:INFO:Calculating mean and std
2021-11-02 14:39:22,778:INFO:Creating metrics dataframe
2021-11-02 14:39:22,783:INFO:Uploading results into container
2021-11-02 14:39:22,783:INFO:Uploading model into container now
2021-11-02 14:39:22,783:INFO:create_model_container: 4
2021-11-02 14:39:22,783:INFO:master_model_container: 4
2021-11-02 14:39:22,783:INFO:display_container: 2
2021-11-02 14:39:22,784:INFO:DecisionTreeClassifier(ccp_alpha=0.0, class_weight=None, criterion='gini',
                       max_depth=None, max_features=None, max_leaf_nodes=None,
                       min_impurity_decrease=0.0, min_impurity_split=None,
                       min_samples_leaf=1, min_samples_split=2,
                       min_weight_fraction_leaf=0.0, presort='deprecated',
                       random_state=123, splitter='best')
2021-11-02 14:39:22,784:INFO:create_model() succesfully completed......................................
2021-11-02 14:39:22,871:INFO:SubProcess create_model() end ==================================
2021-11-02 14:39:22,871:INFO:Creating metrics dataframe
2021-11-02 14:39:22,889:INFO:Initializing SVM - Linear Kernel
2021-11-02 14:39:22,889:INFO:Total runtime is 0.5336498141288757 minutes
2021-11-02 14:39:22,901:INFO:SubProcess create_model() called ==================================
2021-11-02 14:39:22,902:INFO:Initializing create_model()
2021-11-02 14:39:22,902:INFO:create_model(estimator=svm, fold=StratifiedKFold(n_splits=10, random_state=None, shuffle=False), round=4, cross_validation=True, predict=True, fit_kwargs={}, groups=None, refit=False, verbose=False, system=False, metrics=None, display=<pycaret.internal.Display.Display object at 0x109a301c0>, kwargs={})
2021-11-02 14:39:22,902:INFO:Checking exceptions
2021-11-02 14:39:22,902:INFO:Importing libraries
2021-11-02 14:39:22,903:INFO:Copying training dataset
2021-11-02 14:39:22,905:INFO:Defining folds
2021-11-02 14:39:22,906:INFO:Declaring metric variables
2021-11-02 14:39:22,919:INFO:Importing untrained model
2021-11-02 14:39:22,931:INFO:SVM - Linear Kernel Imported succesfully
2021-11-02 14:39:22,958:INFO:Starting cross validation
2021-11-02 14:39:22,959:INFO:Cross validating with StratifiedKFold(n_splits=10, random_state=None, shuffle=False), n_jobs=-1
2021-11-02 14:39:26,005:INFO:Calculating mean and std
2021-11-02 14:39:26,006:INFO:Creating metrics dataframe
2021-11-02 14:39:26,010:INFO:Uploading results into container
2021-11-02 14:39:26,010:INFO:Uploading model into container now
2021-11-02 14:39:26,010:INFO:create_model_container: 5
2021-11-02 14:39:26,010:INFO:master_model_container: 5
2021-11-02 14:39:26,010:INFO:display_container: 2
2021-11-02 14:39:26,011:INFO:SGDClassifier(alpha=0.0001, average=False, class_weight=None,
              early_stopping=False, epsilon=0.1, eta0=0.001, fit_intercept=True,
              l1_ratio=0.15, learning_rate='optimal', loss='hinge',
              max_iter=1000, n_iter_no_change=5, n_jobs=-1, penalty='l2',
              power_t=0.5, random_state=123, shuffle=True, tol=0.001,
              validation_fraction=0.1, verbose=0, warm_start=False)
2021-11-02 14:39:26,011:INFO:create_model() succesfully completed......................................
2021-11-02 14:39:26,094:INFO:SubProcess create_model() end ==================================
2021-11-02 14:39:26,094:INFO:Creating metrics dataframe
2021-11-02 14:39:26,114:INFO:Initializing Ridge Classifier
2021-11-02 14:39:26,114:INFO:Total runtime is 0.5873924811681112 minutes
2021-11-02 14:39:26,132:INFO:SubProcess create_model() called ==================================
2021-11-02 14:39:26,133:INFO:Initializing create_model()
2021-11-02 14:39:26,133:INFO:create_model(estimator=ridge, fold=StratifiedKFold(n_splits=10, random_state=None, shuffle=False), round=4, cross_validation=True, predict=True, fit_kwargs={}, groups=None, refit=False, verbose=False, system=False, metrics=None, display=<pycaret.internal.Display.Display object at 0x109a301c0>, kwargs={})
2021-11-02 14:39:26,133:INFO:Checking exceptions
2021-11-02 14:39:26,133:INFO:Importing libraries
2021-11-02 14:39:26,133:INFO:Copying training dataset
2021-11-02 14:39:26,136:INFO:Defining folds
2021-11-02 14:39:26,136:INFO:Declaring metric variables
2021-11-02 14:39:26,149:INFO:Importing untrained model
2021-11-02 14:39:26,161:INFO:Ridge Classifier Imported succesfully
2021-11-02 14:39:26,192:INFO:Starting cross validation
2021-11-02 14:39:26,192:INFO:Cross validating with StratifiedKFold(n_splits=10, random_state=None, shuffle=False), n_jobs=-1
2021-11-02 14:39:27,227:INFO:Calculating mean and std
2021-11-02 14:39:27,228:INFO:Creating metrics dataframe
2021-11-02 14:39:27,232:INFO:Uploading results into container
2021-11-02 14:39:27,232:INFO:Uploading model into container now
2021-11-02 14:39:27,232:INFO:create_model_container: 6
2021-11-02 14:39:27,232:INFO:master_model_container: 6
2021-11-02 14:39:27,232:INFO:display_container: 2
2021-11-02 14:39:27,232:INFO:RidgeClassifier(alpha=1.0, class_weight=None, copy_X=True, fit_intercept=True,
                max_iter=None, normalize=False, random_state=123, solver='auto',
                tol=0.001)
2021-11-02 14:39:27,232:INFO:create_model() succesfully completed......................................
2021-11-02 14:39:27,316:INFO:SubProcess create_model() end ==================================
2021-11-02 14:39:27,317:INFO:Creating metrics dataframe
2021-11-02 14:39:27,341:INFO:Initializing Random Forest Classifier
2021-11-02 14:39:27,341:INFO:Total runtime is 0.6078531344731649 minutes
2021-11-02 14:39:27,354:INFO:SubProcess create_model() called ==================================
2021-11-02 14:39:27,354:INFO:Initializing create_model()
2021-11-02 14:39:27,355:INFO:create_model(estimator=rf, fold=StratifiedKFold(n_splits=10, random_state=None, shuffle=False), round=4, cross_validation=True, predict=True, fit_kwargs={}, groups=None, refit=False, verbose=False, system=False, metrics=None, display=<pycaret.internal.Display.Display object at 0x109a301c0>, kwargs={})
2021-11-02 14:39:27,355:INFO:Checking exceptions
2021-11-02 14:39:27,355:INFO:Importing libraries
2021-11-02 14:39:27,355:INFO:Copying training dataset
2021-11-02 14:39:27,358:INFO:Defining folds
2021-11-02 14:39:27,358:INFO:Declaring metric variables
2021-11-02 14:39:27,372:INFO:Importing untrained model
2021-11-02 14:39:27,384:INFO:Random Forest Classifier Imported succesfully
2021-11-02 14:39:27,410:INFO:Starting cross validation
2021-11-02 14:39:27,411:INFO:Cross validating with StratifiedKFold(n_splits=10, random_state=None, shuffle=False), n_jobs=-1
2021-11-02 14:39:42,965:INFO:Calculating mean and std
2021-11-02 14:39:42,996:INFO:Creating metrics dataframe
2021-11-02 14:39:43,000:INFO:Uploading results into container
2021-11-02 14:39:43,000:INFO:Uploading model into container now
2021-11-02 14:39:43,000:INFO:create_model_container: 7
2021-11-02 14:39:43,000:INFO:master_model_container: 7
2021-11-02 14:39:43,000:INFO:display_container: 2
2021-11-02 14:39:43,001:INFO:RandomForestClassifier(bootstrap=True, ccp_alpha=0.0, class_weight=None,
                       criterion='gini', max_depth=None, max_features='auto',
                       max_leaf_nodes=None, max_samples=None,
                       min_impurity_decrease=0.0, min_impurity_split=None,
                       min_samples_leaf=1, min_samples_split=2,
                       min_weight_fraction_leaf=0.0, n_estimators=100,
                       n_jobs=-1, oob_score=False, random_state=123, verbose=0,
                       warm_start=False)
2021-11-02 14:39:43,001:INFO:create_model() succesfully completed......................................
2021-11-02 14:39:43,086:INFO:SubProcess create_model() end ==================================
2021-11-02 14:39:43,086:INFO:Creating metrics dataframe
2021-11-02 14:39:43,109:INFO:Initializing Quadratic Discriminant Analysis
2021-11-02 14:39:43,110:INFO:Total runtime is 0.8706570307413737 minutes
2021-11-02 14:39:43,132:INFO:SubProcess create_model() called ==================================
2021-11-02 14:39:43,132:INFO:Initializing create_model()
2021-11-02 14:39:43,132:INFO:create_model(estimator=qda, fold=StratifiedKFold(n_splits=10, random_state=None, shuffle=False), round=4, cross_validation=True, predict=True, fit_kwargs={}, groups=None, refit=False, verbose=False, system=False, metrics=None, display=<pycaret.internal.Display.Display object at 0x109a301c0>, kwargs={})
2021-11-02 14:39:43,133:INFO:Checking exceptions
2021-11-02 14:39:43,133:INFO:Importing libraries
2021-11-02 14:39:43,133:INFO:Copying training dataset
2021-11-02 14:39:43,136:INFO:Defining folds
2021-11-02 14:39:43,136:INFO:Declaring metric variables
2021-11-02 14:39:43,148:INFO:Importing untrained model
2021-11-02 14:39:43,161:INFO:Quadratic Discriminant Analysis Imported succesfully
2021-11-02 14:39:43,192:INFO:Starting cross validation
2021-11-02 14:39:43,193:INFO:Cross validating with StratifiedKFold(n_splits=10, random_state=None, shuffle=False), n_jobs=-1
2021-11-02 14:39:46,207:INFO:Calculating mean and std
2021-11-02 14:39:46,208:INFO:Creating metrics dataframe
2021-11-02 14:39:46,212:INFO:Uploading results into container
2021-11-02 14:39:46,213:INFO:Uploading model into container now
2021-11-02 14:39:46,213:INFO:create_model_container: 8
2021-11-02 14:39:46,213:INFO:master_model_container: 8
2021-11-02 14:39:46,213:INFO:display_container: 2
2021-11-02 14:39:46,213:INFO:QuadraticDiscriminantAnalysis(priors=None, reg_param=0.0,
                              store_covariance=False, tol=0.0001)
2021-11-02 14:39:46,214:INFO:create_model() succesfully completed......................................
2021-11-02 14:39:46,302:INFO:SubProcess create_model() end ==================================
2021-11-02 14:39:46,302:INFO:Creating metrics dataframe
2021-11-02 14:39:46,321:INFO:Initializing Ada Boost Classifier
2021-11-02 14:39:46,321:INFO:Total runtime is 0.9241780837376913 minutes
2021-11-02 14:39:46,336:INFO:SubProcess create_model() called ==================================
2021-11-02 14:39:46,336:INFO:Initializing create_model()
2021-11-02 14:39:46,336:INFO:create_model(estimator=ada, fold=StratifiedKFold(n_splits=10, random_state=None, shuffle=False), round=4, cross_validation=True, predict=True, fit_kwargs={}, groups=None, refit=False, verbose=False, system=False, metrics=None, display=<pycaret.internal.Display.Display object at 0x109a301c0>, kwargs={})
2021-11-02 14:39:46,337:INFO:Checking exceptions
2021-11-02 14:39:46,337:INFO:Importing libraries
2021-11-02 14:39:46,337:INFO:Copying training dataset
2021-11-02 14:39:46,340:INFO:Defining folds
2021-11-02 14:39:46,340:INFO:Declaring metric variables
2021-11-02 14:39:46,352:INFO:Importing untrained model
2021-11-02 14:39:46,364:INFO:Ada Boost Classifier Imported succesfully
2021-11-02 14:39:46,390:INFO:Starting cross validation
2021-11-02 14:39:46,391:INFO:Cross validating with StratifiedKFold(n_splits=10, random_state=None, shuffle=False), n_jobs=-1
2021-11-02 14:39:53,436:INFO:Calculating mean and std
2021-11-02 14:39:53,437:INFO:Creating metrics dataframe
2021-11-02 14:39:53,441:INFO:Uploading results into container
2021-11-02 14:39:53,442:INFO:Uploading model into container now
2021-11-02 14:39:53,442:INFO:create_model_container: 9
2021-11-02 14:39:53,442:INFO:master_model_container: 9
2021-11-02 14:39:53,442:INFO:display_container: 2
2021-11-02 14:39:53,442:INFO:AdaBoostClassifier(algorithm='SAMME.R', base_estimator=None, learning_rate=1.0,
                   n_estimators=50, random_state=123)
2021-11-02 14:39:53,442:INFO:create_model() succesfully completed......................................
2021-11-02 14:39:53,526:INFO:SubProcess create_model() end ==================================
2021-11-02 14:39:53,526:INFO:Creating metrics dataframe
2021-11-02 14:39:53,550:INFO:Initializing Gradient Boosting Classifier
2021-11-02 14:39:53,550:INFO:Total runtime is 1.0446666479110718 minutes
2021-11-02 14:39:53,567:INFO:SubProcess create_model() called ==================================
2021-11-02 14:39:53,567:INFO:Initializing create_model()
2021-11-02 14:39:53,568:INFO:create_model(estimator=gbc, fold=StratifiedKFold(n_splits=10, random_state=None, shuffle=False), round=4, cross_validation=True, predict=True, fit_kwargs={}, groups=None, refit=False, verbose=False, system=False, metrics=None, display=<pycaret.internal.Display.Display object at 0x109a301c0>, kwargs={})
2021-11-02 14:39:53,568:INFO:Checking exceptions
2021-11-02 14:39:53,568:INFO:Importing libraries
2021-11-02 14:39:53,568:INFO:Copying training dataset
2021-11-02 14:39:53,570:INFO:Defining folds
2021-11-02 14:39:53,571:INFO:Declaring metric variables
2021-11-02 14:39:53,583:INFO:Importing untrained model
2021-11-02 14:39:53,595:INFO:Gradient Boosting Classifier Imported succesfully
2021-11-02 14:39:53,623:INFO:Starting cross validation
2021-11-02 14:39:53,624:INFO:Cross validating with StratifiedKFold(n_splits=10, random_state=None, shuffle=False), n_jobs=-1
2021-11-02 14:40:20,776:INFO:Calculating mean and std
2021-11-02 14:40:20,777:INFO:Creating metrics dataframe
2021-11-02 14:40:20,783:INFO:Uploading results into container
2021-11-02 14:40:20,783:INFO:Uploading model into container now
2021-11-02 14:40:20,784:INFO:create_model_container: 10
2021-11-02 14:40:20,784:INFO:master_model_container: 10
2021-11-02 14:40:20,784:INFO:display_container: 2
2021-11-02 14:40:20,784:INFO:GradientBoostingClassifier(ccp_alpha=0.0, criterion='friedman_mse', init=None,
                           learning_rate=0.1, loss='deviance', max_depth=3,
                           max_features=None, max_leaf_nodes=None,
                           min_impurity_decrease=0.0, min_impurity_split=None,
                           min_samples_leaf=1, min_samples_split=2,
                           min_weight_fraction_leaf=0.0, n_estimators=100,
                           n_iter_no_change=None, presort='deprecated',
                           random_state=123, subsample=1.0, tol=0.0001,
                           validation_fraction=0.1, verbose=0,
                           warm_start=False)
2021-11-02 14:40:20,784:INFO:create_model() succesfully completed......................................
2021-11-02 14:40:20,872:INFO:SubProcess create_model() end ==================================
2021-11-02 14:40:20,872:INFO:Creating metrics dataframe
2021-11-02 14:40:20,892:INFO:Initializing Linear Discriminant Analysis
2021-11-02 14:40:20,892:INFO:Total runtime is 1.5003669142723084 minutes
2021-11-02 14:40:20,905:INFO:SubProcess create_model() called ==================================
2021-11-02 14:40:20,906:INFO:Initializing create_model()
2021-11-02 14:40:20,906:INFO:create_model(estimator=lda, fold=StratifiedKFold(n_splits=10, random_state=None, shuffle=False), round=4, cross_validation=True, predict=True, fit_kwargs={}, groups=None, refit=False, verbose=False, system=False, metrics=None, display=<pycaret.internal.Display.Display object at 0x109a301c0>, kwargs={})
2021-11-02 14:40:20,906:INFO:Checking exceptions
2021-11-02 14:40:20,906:INFO:Importing libraries
2021-11-02 14:40:20,907:INFO:Copying training dataset
2021-11-02 14:40:20,909:INFO:Defining folds
2021-11-02 14:40:20,909:INFO:Declaring metric variables
2021-11-02 14:40:20,924:INFO:Importing untrained model
2021-11-02 14:40:20,935:INFO:Linear Discriminant Analysis Imported succesfully
2021-11-02 14:40:20,960:INFO:Starting cross validation
2021-11-02 14:40:20,961:INFO:Cross validating with StratifiedKFold(n_splits=10, random_state=None, shuffle=False), n_jobs=-1
2021-11-02 14:40:24,520:INFO:Calculating mean and std
2021-11-02 14:40:24,553:INFO:Creating metrics dataframe
2021-11-02 14:40:24,560:INFO:Uploading results into container
2021-11-02 14:40:24,560:INFO:Uploading model into container now
2021-11-02 14:40:24,560:INFO:create_model_container: 11
2021-11-02 14:40:24,560:INFO:master_model_container: 11
2021-11-02 14:40:24,560:INFO:display_container: 2
2021-11-02 14:40:24,561:INFO:LinearDiscriminantAnalysis(n_components=None, priors=None, shrinkage=None,
                           solver='svd', store_covariance=False, tol=0.0001)
2021-11-02 14:40:24,561:INFO:create_model() succesfully completed......................................
2021-11-02 14:40:24,647:INFO:SubProcess create_model() end ==================================
2021-11-02 14:40:24,647:INFO:Creating metrics dataframe
2021-11-02 14:40:24,673:INFO:Initializing Extra Trees Classifier
2021-11-02 14:40:24,673:INFO:Total runtime is 1.5633864323298137 minutes
2021-11-02 14:40:24,689:INFO:SubProcess create_model() called ==================================
2021-11-02 14:40:24,690:INFO:Initializing create_model()
2021-11-02 14:40:24,690:INFO:create_model(estimator=et, fold=StratifiedKFold(n_splits=10, random_state=None, shuffle=False), round=4, cross_validation=True, predict=True, fit_kwargs={}, groups=None, refit=False, verbose=False, system=False, metrics=None, display=<pycaret.internal.Display.Display object at 0x109a301c0>, kwargs={})
2021-11-02 14:40:24,690:INFO:Checking exceptions
2021-11-02 14:40:24,690:INFO:Importing libraries
2021-11-02 14:40:24,690:INFO:Copying training dataset
2021-11-02 14:40:24,693:INFO:Defining folds
2021-11-02 14:40:24,693:INFO:Declaring metric variables
2021-11-02 14:40:24,706:INFO:Importing untrained model
2021-11-02 14:40:24,718:INFO:Extra Trees Classifier Imported succesfully
2021-11-02 14:40:24,746:INFO:Starting cross validation
2021-11-02 14:40:24,746:INFO:Cross validating with StratifiedKFold(n_splits=10, random_state=None, shuffle=False), n_jobs=-1
2021-11-02 14:40:39,315:INFO:Calculating mean and std
2021-11-02 14:40:39,316:INFO:Creating metrics dataframe
2021-11-02 14:40:39,321:INFO:Uploading results into container
2021-11-02 14:40:39,321:INFO:Uploading model into container now
2021-11-02 14:40:39,321:INFO:create_model_container: 12
2021-11-02 14:40:39,322:INFO:master_model_container: 12
2021-11-02 14:40:39,322:INFO:display_container: 2
2021-11-02 14:40:39,323:INFO:ExtraTreesClassifier(bootstrap=False, ccp_alpha=0.0, class_weight=None,
                     criterion='gini', max_depth=None, max_features='auto',
                     max_leaf_nodes=None, max_samples=None,
                     min_impurity_decrease=0.0, min_impurity_split=None,
                     min_samples_leaf=1, min_samples_split=2,
                     min_weight_fraction_leaf=0.0, n_estimators=100, n_jobs=-1,
                     oob_score=False, random_state=123, verbose=0,
                     warm_start=False)
2021-11-02 14:40:39,323:INFO:create_model() succesfully completed......................................
2021-11-02 14:40:39,411:INFO:SubProcess create_model() end ==================================
2021-11-02 14:40:39,411:INFO:Creating metrics dataframe
2021-11-02 14:40:39,431:INFO:Initializing Light Gradient Boosting Machine
2021-11-02 14:40:39,431:INFO:Total runtime is 1.8093457659085592 minutes
2021-11-02 14:40:39,445:INFO:SubProcess create_model() called ==================================
2021-11-02 14:40:39,446:INFO:Initializing create_model()
2021-11-02 14:40:39,446:INFO:create_model(estimator=lightgbm, fold=StratifiedKFold(n_splits=10, random_state=None, shuffle=False), round=4, cross_validation=True, predict=True, fit_kwargs={}, groups=None, refit=False, verbose=False, system=False, metrics=None, display=<pycaret.internal.Display.Display object at 0x109a301c0>, kwargs={})
2021-11-02 14:40:39,446:INFO:Checking exceptions
2021-11-02 14:40:39,446:INFO:Importing libraries
2021-11-02 14:40:39,447:INFO:Copying training dataset
2021-11-02 14:40:39,449:INFO:Defining folds
2021-11-02 14:40:39,449:INFO:Declaring metric variables
2021-11-02 14:40:39,462:INFO:Importing untrained model
2021-11-02 14:40:39,475:INFO:Light Gradient Boosting Machine Imported succesfully
2021-11-02 14:40:39,501:INFO:Starting cross validation
2021-11-02 14:40:39,502:INFO:Cross validating with StratifiedKFold(n_splits=10, random_state=None, shuffle=False), n_jobs=-1
2021-11-02 14:40:42,976:INFO:Calculating mean and std
2021-11-02 14:40:42,977:INFO:Creating metrics dataframe
2021-11-02 14:40:42,981:INFO:Uploading results into container
2021-11-02 14:40:42,981:INFO:Uploading model into container now
2021-11-02 14:40:42,981:INFO:create_model_container: 13
2021-11-02 14:40:42,981:INFO:master_model_container: 13
2021-11-02 14:40:42,981:INFO:display_container: 2
2021-11-02 14:40:42,982:INFO:LGBMClassifier(boosting_type='gbdt', class_weight=None, colsample_bytree=1.0,
               importance_type='split', learning_rate=0.1, max_depth=-1,
               min_child_samples=20, min_child_weight=0.001, min_split_gain=0.0,
               n_estimators=100, n_jobs=-1, num_leaves=31, objective=None,
               random_state=123, reg_alpha=0.0, reg_lambda=0.0, silent=True,
               subsample=1.0, subsample_for_bin=200000, subsample_freq=0)
2021-11-02 14:40:42,982:INFO:create_model() succesfully completed......................................
2021-11-02 14:40:43,065:INFO:SubProcess create_model() end ==================================
2021-11-02 14:40:43,065:INFO:Creating metrics dataframe
2021-11-02 14:40:43,158:INFO:Initializing create_model()
2021-11-02 14:40:43,158:INFO:create_model(estimator=RidgeClassifier(alpha=1.0, class_weight=None, copy_X=True, fit_intercept=True,
                max_iter=None, normalize=False, random_state=123, solver='auto',
                tol=0.001), fold=StratifiedKFold(n_splits=10, random_state=None, shuffle=False), round=4, cross_validation=False, predict=False, fit_kwargs={}, groups=None, refit=True, verbose=False, system=False, metrics=None, display=None, kwargs={})
2021-11-02 14:40:43,158:INFO:Checking exceptions
2021-11-02 14:40:43,159:INFO:Importing libraries
2021-11-02 14:40:43,159:INFO:Copying training dataset
2021-11-02 14:40:43,161:INFO:Defining folds
2021-11-02 14:40:43,161:INFO:Declaring metric variables
2021-11-02 14:40:43,161:INFO:Importing untrained model
2021-11-02 14:40:43,162:INFO:Declaring custom model
2021-11-02 14:40:43,163:INFO:Ridge Classifier Imported succesfully
2021-11-02 14:40:43,163:INFO:Cross validation set to False
2021-11-02 14:40:43,164:INFO:Fitting Model
2021-11-02 14:40:43,255:INFO:RidgeClassifier(alpha=1.0, class_weight=None, copy_X=True, fit_intercept=True,
                max_iter=None, normalize=False, random_state=123, solver='auto',
                tol=0.001)
2021-11-02 14:40:43,255:INFO:create_models() succesfully completed......................................
2021-11-02 14:40:43,453:INFO:create_model_container: 13
2021-11-02 14:40:43,453:INFO:master_model_container: 13
2021-11-02 14:40:43,453:INFO:display_container: 2
2021-11-02 14:40:43,454:INFO:RidgeClassifier(alpha=1.0, class_weight=None, copy_X=True, fit_intercept=True,
                max_iter=None, normalize=False, random_state=123, solver='auto',
                tol=0.001)
2021-11-02 14:40:43,454:INFO:compare_models() succesfully completed......................................
2021-11-02 14:53:54,123:INFO:gpu_param set to False
2021-11-02 14:53:54,258:WARNING:Couldn't import xgboost.XGBClassifier
2021-11-02 14:53:54,259:WARNING:Couldn't import catboost.CatBoostClassifier
2021-11-02 14:56:12,268:INFO:Initializing create_model()
2021-11-02 14:56:12,269:INFO:create_model(estimator=dt, fold=None, round=4, cross_validation=True, predict=True, fit_kwargs=None, groups=None, refit=True, verbose=True, system=True, metrics=None, display=None, kwargs={})
2021-11-02 14:56:12,270:INFO:Checking exceptions
2021-11-02 14:56:12,270:INFO:Preparing display monitor
2021-11-02 14:56:12,323:INFO:Importing libraries
2021-11-02 14:56:12,324:INFO:Copying training dataset
2021-11-02 14:56:12,327:INFO:Defining folds
2021-11-02 14:56:12,327:INFO:Declaring metric variables
2021-11-02 14:56:12,358:INFO:Importing untrained model
2021-11-02 14:56:12,373:INFO:Decision Tree Classifier Imported succesfully
2021-11-02 14:56:12,402:INFO:Starting cross validation
2021-11-02 14:56:12,403:INFO:Cross validating with StratifiedKFold(n_splits=10, random_state=None, shuffle=False), n_jobs=-1
2021-11-02 14:56:55,244:INFO:Calculating mean and std
2021-11-02 14:56:55,266:INFO:Creating metrics dataframe
2021-11-02 14:56:55,281:INFO:Finalizing model
2021-11-02 14:56:55,748:INFO:Uploading results into container
2021-11-02 14:56:55,748:INFO:Uploading model into container now
2021-11-02 14:56:55,766:INFO:create_model_container: 14
2021-11-02 14:56:55,766:INFO:master_model_container: 14
2021-11-02 14:56:55,766:INFO:display_container: 3
2021-11-02 14:56:55,768:INFO:DecisionTreeClassifier(ccp_alpha=0.0, class_weight=None, criterion='gini',
                       max_depth=None, max_features=None, max_leaf_nodes=None,
                       min_impurity_decrease=0.0, min_impurity_split=None,
                       min_samples_leaf=1, min_samples_split=2,
                       min_weight_fraction_leaf=0.0, presort='deprecated',
                       random_state=123, splitter='best')
2021-11-02 14:56:55,768:INFO:create_model() succesfully completed......................................
2021-11-02 15:04:44,906:INFO:Initializing create_model()
2021-11-02 15:04:44,942:INFO:create_model(estimator=knn, fold=None, round=4, cross_validation=True, predict=True, fit_kwargs=None, groups=None, refit=True, verbose=True, system=True, metrics=None, display=None, kwargs={})
2021-11-02 15:04:44,942:INFO:Checking exceptions
2021-11-02 15:04:44,943:INFO:Preparing display monitor
2021-11-02 15:04:44,975:INFO:Importing libraries
2021-11-02 15:04:44,975:INFO:Copying training dataset
2021-11-02 15:04:44,983:INFO:Defining folds
2021-11-02 15:04:44,983:INFO:Declaring metric variables
2021-11-02 15:04:45,008:INFO:Importing untrained model
2021-11-02 15:04:45,022:INFO:K Neighbors Classifier Imported succesfully
2021-11-02 15:04:45,049:INFO:Starting cross validation
2021-11-02 15:04:45,050:INFO:Cross validating with StratifiedKFold(n_splits=10, random_state=None, shuffle=False), n_jobs=-1
2021-11-02 15:05:22,306:INFO:Calculating mean and std
2021-11-02 15:05:22,333:INFO:Creating metrics dataframe
2021-11-02 15:05:22,349:INFO:Finalizing model
2021-11-02 15:05:22,465:INFO:Uploading results into container
2021-11-02 15:05:22,466:INFO:Uploading model into container now
2021-11-02 15:05:22,483:INFO:create_model_container: 15
2021-11-02 15:05:22,483:INFO:master_model_container: 15
2021-11-02 15:05:22,483:INFO:display_container: 4
2021-11-02 15:05:22,484:INFO:KNeighborsClassifier(algorithm='auto', leaf_size=30, metric='minkowski',
                     metric_params=None, n_jobs=-1, n_neighbors=5, p=2,
                     weights='uniform')
2021-11-02 15:05:22,484:INFO:create_model() succesfully completed......................................
2021-11-02 15:07:14,147:INFO:Initializing create_model()
2021-11-02 15:07:14,147:INFO:create_model(estimator=rf, fold=None, round=4, cross_validation=True, predict=True, fit_kwargs=None, groups=None, refit=True, verbose=True, system=True, metrics=None, display=None, kwargs={})
2021-11-02 15:07:14,147:INFO:Checking exceptions
2021-11-02 15:07:14,148:INFO:Preparing display monitor
2021-11-02 15:07:14,201:INFO:Importing libraries
2021-11-02 15:07:14,202:INFO:Copying training dataset
2021-11-02 15:07:14,209:INFO:Defining folds
2021-11-02 15:07:14,210:INFO:Declaring metric variables
2021-11-02 15:07:14,232:INFO:Importing untrained model
2021-11-02 15:07:14,258:INFO:Random Forest Classifier Imported succesfully
2021-11-02 15:07:14,284:INFO:Starting cross validation
2021-11-02 15:07:14,285:INFO:Cross validating with StratifiedKFold(n_splits=10, random_state=None, shuffle=False), n_jobs=-1
2021-11-02 15:07:30,939:INFO:Calculating mean and std
2021-11-02 15:07:30,951:INFO:Creating metrics dataframe
2021-11-02 15:07:30,965:INFO:Finalizing model
2021-11-02 15:07:32,734:INFO:Uploading results into container
2021-11-02 15:07:32,734:INFO:Uploading model into container now
2021-11-02 15:07:32,749:INFO:create_model_container: 16
2021-11-02 15:07:32,749:INFO:master_model_container: 16
2021-11-02 15:07:32,749:INFO:display_container: 5
2021-11-02 15:07:32,750:INFO:RandomForestClassifier(bootstrap=True, ccp_alpha=0.0, class_weight=None,
                       criterion='gini', max_depth=None, max_features='auto',
                       max_leaf_nodes=None, max_samples=None,
                       min_impurity_decrease=0.0, min_impurity_split=None,
                       min_samples_leaf=1, min_samples_split=2,
                       min_weight_fraction_leaf=0.0, n_estimators=100,
                       n_jobs=-1, oob_score=False, random_state=123, verbose=0,
                       warm_start=False)
2021-11-02 15:07:32,750:INFO:create_model() succesfully completed......................................
2021-11-02 15:10:01,477:INFO:Initializing tune_model()
2021-11-02 15:10:01,477:INFO:tune_model(estimator=DecisionTreeClassifier(ccp_alpha=0.0, class_weight=None, criterion='gini',
                       max_depth=None, max_features=None, max_leaf_nodes=None,
                       min_impurity_decrease=0.0, min_impurity_split=None,
                       min_samples_leaf=1, min_samples_split=2,
                       min_weight_fraction_leaf=0.0, presort='deprecated',
                       random_state=123, splitter='best'), fold=None, round=4, n_iter=10, custom_grid=None, optimize=Accuracy, custom_scorer=None, search_library=scikit-learn, search_algorithm=None, early_stopping=False, early_stopping_max_iters=10, choose_better=False, fit_kwargs=None, groups=None, return_tuner=False, verbose=True, tuner_verbose=True, display=None, kwargs={})
2021-11-02 15:10:01,478:INFO:Checking exceptions
2021-11-02 15:10:01,480:INFO:Preparing display monitor
2021-11-02 15:10:01,532:INFO:Copying training dataset
2021-11-02 15:10:01,535:INFO:Checking base model
2021-11-02 15:10:01,535:INFO:Base model : Decision Tree Classifier
2021-11-02 15:10:01,558:INFO:Declaring metric variables
2021-11-02 15:10:01,584:INFO:Defining Hyperparameters
2021-11-02 15:10:01,676:INFO:Tuning with n_jobs=-1
2021-11-02 15:10:01,676:INFO:Initializing RandomizedSearchCV
2021-11-02 15:10:05,648:INFO:best_params: {'actual_estimator__min_samples_split': 5, 'actual_estimator__min_samples_leaf': 5, 'actual_estimator__min_impurity_decrease': 0.002, 'actual_estimator__max_features': 1.0, 'actual_estimator__max_depth': 6, 'actual_estimator__criterion': 'entropy'}
2021-11-02 15:10:05,649:INFO:Hyperparameter search completed
2021-11-02 15:10:05,649:INFO:SubProcess create_model() called ==================================
2021-11-02 15:10:05,650:INFO:Initializing create_model()
2021-11-02 15:10:05,650:INFO:create_model(estimator=DecisionTreeClassifier(ccp_alpha=0.0, class_weight=None, criterion='gini',
                       max_depth=None, max_features=None, max_leaf_nodes=None,
                       min_impurity_decrease=0.0, min_impurity_split=None,
                       min_samples_leaf=1, min_samples_split=2,
                       min_weight_fraction_leaf=0.0, presort='deprecated',
                       random_state=123, splitter='best'), fold=StratifiedKFold(n_splits=10, random_state=None, shuffle=False), round=4, cross_validation=True, predict=True, fit_kwargs={}, groups=None, refit=True, verbose=True, system=False, metrics=None, display=<pycaret.internal.Display.Display object at 0x13235d610>, kwargs={'min_samples_split': 5, 'min_samples_leaf': 5, 'min_impurity_decrease': 0.002, 'max_features': 1.0, 'max_depth': 6, 'criterion': 'entropy'})
2021-11-02 15:10:05,650:INFO:Checking exceptions
2021-11-02 15:10:05,650:INFO:Importing libraries
2021-11-02 15:10:05,650:INFO:Copying training dataset
2021-11-02 15:10:05,655:INFO:Defining folds
2021-11-02 15:10:05,655:INFO:Declaring metric variables
2021-11-02 15:10:05,668:INFO:Importing untrained model
2021-11-02 15:10:05,668:INFO:Declaring custom model
2021-11-02 15:10:05,684:INFO:Decision Tree Classifier Imported succesfully
2021-11-02 15:10:05,711:INFO:Starting cross validation
2021-11-02 15:10:05,711:INFO:Cross validating with StratifiedKFold(n_splits=10, random_state=None, shuffle=False), n_jobs=-1
2021-11-02 15:10:06,905:INFO:Calculating mean and std
2021-11-02 15:10:06,906:INFO:Creating metrics dataframe
2021-11-02 15:10:06,919:INFO:Finalizing model
2021-11-02 15:10:07,087:INFO:Uploading results into container
2021-11-02 15:10:07,087:INFO:Uploading model into container now
2021-11-02 15:10:07,087:INFO:create_model_container: 17
2021-11-02 15:10:07,088:INFO:master_model_container: 17
2021-11-02 15:10:07,088:INFO:display_container: 6
2021-11-02 15:10:07,088:INFO:DecisionTreeClassifier(ccp_alpha=0.0, class_weight=None, criterion='entropy',
                       max_depth=6, max_features=1.0, max_leaf_nodes=None,
                       min_impurity_decrease=0.002, min_impurity_split=None,
                       min_samples_leaf=5, min_samples_split=5,
                       min_weight_fraction_leaf=0.0, presort='deprecated',
                       random_state=123, splitter='best')
2021-11-02 15:10:07,089:INFO:create_model() succesfully completed......................................
2021-11-02 15:10:07,178:INFO:SubProcess create_model() end ==================================
2021-11-02 15:10:07,203:INFO:create_model_container: 17
2021-11-02 15:10:07,204:INFO:master_model_container: 17
2021-11-02 15:10:07,204:INFO:display_container: 6
2021-11-02 15:10:07,205:INFO:DecisionTreeClassifier(ccp_alpha=0.0, class_weight=None, criterion='entropy',
                       max_depth=6, max_features=1.0, max_leaf_nodes=None,
                       min_impurity_decrease=0.002, min_impurity_split=None,
                       min_samples_leaf=5, min_samples_split=5,
                       min_weight_fraction_leaf=0.0, presort='deprecated',
                       random_state=123, splitter='best')
2021-11-02 15:10:07,205:INFO:tune_model() succesfully completed......................................
2021-11-02 15:12:32,342:INFO:Initializing tune_model()
2021-11-02 15:12:32,342:INFO:tune_model(estimator=KNeighborsClassifier(algorithm='auto', leaf_size=30, metric='minkowski',
                     metric_params=None, n_jobs=-1, n_neighbors=5, p=2,
                     weights='uniform'), fold=None, round=4, n_iter=10, custom_grid={'n_neighbors': array([ 0,  1,  2,  3,  4,  5,  6,  7,  8,  9, 10, 11, 12, 13, 14, 15, 16,
       17, 18, 19, 20, 21, 22, 23, 24, 25, 26, 27, 28, 29, 30, 31, 32, 33,
       34, 35, 36, 37, 38, 39, 40, 41, 42, 43, 44, 45, 46, 47, 48, 49])}, optimize=Accuracy, custom_scorer=None, search_library=scikit-learn, search_algorithm=None, early_stopping=False, early_stopping_max_iters=10, choose_better=False, fit_kwargs=None, groups=None, return_tuner=False, verbose=True, tuner_verbose=True, display=None, kwargs={})
2021-11-02 15:12:32,342:INFO:Checking exceptions
2021-11-02 15:12:32,344:INFO:Preparing display monitor
2021-11-02 15:12:32,382:INFO:Copying training dataset
2021-11-02 15:12:32,386:INFO:Checking base model
2021-11-02 15:12:32,386:INFO:Base model : K Neighbors Classifier
2021-11-02 15:12:32,404:INFO:Declaring metric variables
2021-11-02 15:12:32,428:INFO:Defining Hyperparameters
2021-11-02 15:12:32,521:INFO:custom_grid: {'actual_estimator__n_neighbors': array([ 0,  1,  2,  3,  4,  5,  6,  7,  8,  9, 10, 11, 12, 13, 14, 15, 16,
       17, 18, 19, 20, 21, 22, 23, 24, 25, 26, 27, 28, 29, 30, 31, 32, 33,
       34, 35, 36, 37, 38, 39, 40, 41, 42, 43, 44, 45, 46, 47, 48, 49])}
2021-11-02 15:12:32,521:INFO:Tuning with n_jobs=-1
2021-11-02 15:12:32,521:INFO:Initializing RandomizedSearchCV
2021-11-02 15:13:07,873:INFO:best_params: {'actual_estimator__n_neighbors': 42}
2021-11-02 15:13:07,873:INFO:Hyperparameter search completed
2021-11-02 15:13:07,874:INFO:SubProcess create_model() called ==================================
2021-11-02 15:13:07,874:INFO:Initializing create_model()
2021-11-02 15:13:07,874:INFO:create_model(estimator=KNeighborsClassifier(algorithm='auto', leaf_size=30, metric='minkowski',
                     metric_params=None, n_jobs=-1, n_neighbors=5, p=2,
                     weights='uniform'), fold=StratifiedKFold(n_splits=10, random_state=None, shuffle=False), round=4, cross_validation=True, predict=True, fit_kwargs={}, groups=None, refit=True, verbose=True, system=False, metrics=None, display=<pycaret.internal.Display.Display object at 0x133367c10>, kwargs={'n_neighbors': 42})
2021-11-02 15:13:07,874:INFO:Checking exceptions
2021-11-02 15:13:07,874:INFO:Importing libraries
2021-11-02 15:13:07,874:INFO:Copying training dataset
2021-11-02 15:13:07,880:INFO:Defining folds
2021-11-02 15:13:07,880:INFO:Declaring metric variables
2021-11-02 15:13:07,893:INFO:Importing untrained model
2021-11-02 15:13:07,893:INFO:Declaring custom model
2021-11-02 15:13:07,924:INFO:K Neighbors Classifier Imported succesfully
2021-11-02 15:13:07,953:INFO:Starting cross validation
2021-11-02 15:13:07,954:INFO:Cross validating with StratifiedKFold(n_splits=10, random_state=None, shuffle=False), n_jobs=-1
2021-11-02 15:13:15,226:INFO:Calculating mean and std
2021-11-02 15:13:15,227:INFO:Creating metrics dataframe
2021-11-02 15:13:15,241:INFO:Finalizing model
2021-11-02 15:13:15,357:INFO:Uploading results into container
2021-11-02 15:13:15,357:INFO:Uploading model into container now
2021-11-02 15:13:15,357:INFO:create_model_container: 18
2021-11-02 15:13:15,357:INFO:master_model_container: 18
2021-11-02 15:13:15,357:INFO:display_container: 7
2021-11-02 15:13:15,358:INFO:KNeighborsClassifier(algorithm='auto', leaf_size=30, metric='minkowski',
                     metric_params=None, n_jobs=-1, n_neighbors=42, p=2,
                     weights='uniform')
2021-11-02 15:13:15,358:INFO:create_model() succesfully completed......................................
2021-11-02 15:13:15,448:INFO:SubProcess create_model() end ==================================
2021-11-02 15:13:15,461:INFO:create_model_container: 18
2021-11-02 15:13:15,461:INFO:master_model_container: 18
2021-11-02 15:13:15,462:INFO:display_container: 7
2021-11-02 15:13:15,462:INFO:KNeighborsClassifier(algorithm='auto', leaf_size=30, metric='minkowski',
                     metric_params=None, n_jobs=-1, n_neighbors=42, p=2,
                     weights='uniform')
2021-11-02 15:13:15,462:INFO:tune_model() succesfully completed......................................
2021-11-02 15:14:15,903:INFO:Initializing tune_model()
2021-11-02 15:14:15,903:INFO:tune_model(estimator=RandomForestClassifier(bootstrap=True, ccp_alpha=0.0, class_weight=None,
                       criterion='gini', max_depth=None, max_features='auto',
                       max_leaf_nodes=None, max_samples=None,
                       min_impurity_decrease=0.0, min_impurity_split=None,
                       min_samples_leaf=1, min_samples_split=2,
                       min_weight_fraction_leaf=0.0, n_estimators=100,
                       n_jobs=-1, oob_score=False, random_state=123, verbose=0,
                       warm_start=False), fold=None, round=4, n_iter=10, custom_grid=None, optimize=Accuracy, custom_scorer=None, search_library=scikit-learn, search_algorithm=None, early_stopping=False, early_stopping_max_iters=10, choose_better=False, fit_kwargs=None, groups=None, return_tuner=False, verbose=True, tuner_verbose=True, display=None, kwargs={})
2021-11-02 15:14:15,904:INFO:Checking exceptions
2021-11-02 15:14:15,905:INFO:Preparing display monitor
2021-11-02 15:14:15,960:INFO:Copying training dataset
2021-11-02 15:14:15,964:INFO:Checking base model
2021-11-02 15:14:15,965:INFO:Base model : Random Forest Classifier
2021-11-02 15:14:15,995:INFO:Declaring metric variables
2021-11-02 15:14:16,018:INFO:Defining Hyperparameters
2021-11-02 15:14:16,116:INFO:Tuning with n_jobs=-1
2021-11-02 15:14:16,116:INFO:Initializing RandomizedSearchCV
2021-11-02 15:18:23,963:INFO:best_params: {'actual_estimator__n_estimators': 150, 'actual_estimator__min_samples_split': 10, 'actual_estimator__min_samples_leaf': 5, 'actual_estimator__min_impurity_decrease': 0.0002, 'actual_estimator__max_features': 1.0, 'actual_estimator__max_depth': 5, 'actual_estimator__criterion': 'entropy', 'actual_estimator__class_weight': {}, 'actual_estimator__bootstrap': False}
2021-11-02 15:18:23,979:INFO:Hyperparameter search completed
2021-11-02 15:18:23,979:INFO:SubProcess create_model() called ==================================
2021-11-02 15:18:23,980:INFO:Initializing create_model()
2021-11-02 15:18:23,980:INFO:create_model(estimator=RandomForestClassifier(bootstrap=True, ccp_alpha=0.0, class_weight=None,
                       criterion='gini', max_depth=None, max_features='auto',
                       max_leaf_nodes=None, max_samples=None,
                       min_impurity_decrease=0.0, min_impurity_split=None,
                       min_samples_leaf=1, min_samples_split=2,
                       min_weight_fraction_leaf=0.0, n_estimators=100,
                       n_jobs=-1, oob_score=False, random_state=123, verbose=0,
                       warm_start=False), fold=StratifiedKFold(n_splits=10, random_state=None, shuffle=False), round=4, cross_validation=True, predict=True, fit_kwargs={}, groups=None, refit=True, verbose=True, system=False, metrics=None, display=<pycaret.internal.Display.Display object at 0x131aeed00>, kwargs={'n_estimators': 150, 'min_samples_split': 10, 'min_samples_leaf': 5, 'min_impurity_decrease': 0.0002, 'max_features': 1.0, 'max_depth': 5, 'criterion': 'entropy', 'class_weight': {}, 'bootstrap': False})
2021-11-02 15:18:23,980:INFO:Checking exceptions
2021-11-02 15:18:23,980:INFO:Importing libraries
2021-11-02 15:18:23,980:INFO:Copying training dataset
2021-11-02 15:18:23,986:INFO:Defining folds
2021-11-02 15:18:23,986:INFO:Declaring metric variables
2021-11-02 15:18:23,997:INFO:Importing untrained model
2021-11-02 15:18:23,998:INFO:Declaring custom model
2021-11-02 15:18:24,013:INFO:Random Forest Classifier Imported succesfully
2021-11-02 15:18:24,041:INFO:Starting cross validation
2021-11-02 15:18:24,042:INFO:Cross validating with StratifiedKFold(n_splits=10, random_state=None, shuffle=False), n_jobs=-1
2021-11-02 15:19:52,930:INFO:Calculating mean and std
2021-11-02 15:19:52,931:INFO:Creating metrics dataframe
2021-11-02 15:19:52,945:INFO:Finalizing model
2021-11-02 15:20:02,325:INFO:Uploading results into container
2021-11-02 15:20:02,326:INFO:Uploading model into container now
2021-11-02 15:20:02,326:INFO:create_model_container: 19
2021-11-02 15:20:02,326:INFO:master_model_container: 19
2021-11-02 15:20:02,326:INFO:display_container: 8
2021-11-02 15:20:02,327:INFO:RandomForestClassifier(bootstrap=False, ccp_alpha=0.0, class_weight={},
                       criterion='entropy', max_depth=5, max_features=1.0,
                       max_leaf_nodes=None, max_samples=None,
                       min_impurity_decrease=0.0002, min_impurity_split=None,
                       min_samples_leaf=5, min_samples_split=10,
                       min_weight_fraction_leaf=0.0, n_estimators=150,
                       n_jobs=-1, oob_score=False, random_state=123, verbose=0,
                       warm_start=False)
2021-11-02 15:20:02,327:INFO:create_model() succesfully completed......................................
2021-11-02 15:20:02,418:INFO:SubProcess create_model() end ==================================
2021-11-02 15:20:02,431:INFO:create_model_container: 19
2021-11-02 15:20:02,431:INFO:master_model_container: 19
2021-11-02 15:20:02,431:INFO:display_container: 8
2021-11-02 15:20:02,432:INFO:RandomForestClassifier(bootstrap=False, ccp_alpha=0.0, class_weight={},
                       criterion='entropy', max_depth=5, max_features=1.0,
                       max_leaf_nodes=None, max_samples=None,
                       min_impurity_decrease=0.0002, min_impurity_split=None,
                       min_samples_leaf=5, min_samples_split=10,
                       min_weight_fraction_leaf=0.0, n_estimators=150,
                       n_jobs=-1, oob_score=False, random_state=123, verbose=0,
                       warm_start=False)
2021-11-02 15:20:02,432:INFO:tune_model() succesfully completed......................................
2021-11-02 15:20:02,529:INFO:Initializing plot_model()
2021-11-02 15:20:02,530:INFO:plot_model(plot=auc, fold=None, use_train_data=False, verbose=True, is_in_evaluate=False, display=None, display_format=None, estimator=RandomForestClassifier(bootstrap=False, ccp_alpha=0.0, class_weight={},
                       criterion='entropy', max_depth=5, max_features=1.0,
                       max_leaf_nodes=None, max_samples=None,
                       min_impurity_decrease=0.0002, min_impurity_split=None,
                       min_samples_leaf=5, min_samples_split=10,
                       min_weight_fraction_leaf=0.0, n_estimators=150,
                       n_jobs=-1, oob_score=False, random_state=123, verbose=0,
                       warm_start=False), feature_name=None, fit_kwargs=None, groups=None, label=False, save=False, scale=1, system=True)
2021-11-02 15:20:02,530:INFO:Checking exceptions
2021-11-02 15:20:02,552:INFO:Preparing display monitor
2021-11-02 15:20:02,562:INFO:Preloading libraries
2021-11-02 15:20:02,660:INFO:Copying training dataset
2021-11-02 15:20:02,662:INFO:Copying test dataset
2021-11-02 15:20:02,670:INFO:Plot type: auc
2021-11-02 15:20:03,625:INFO:Fitting Model
2021-11-02 15:20:03,626:INFO:Scoring test/hold-out set
2021-11-02 15:20:04,966:INFO:Visual Rendered Successfully
2021-11-02 15:20:05,061:INFO:plot_model() succesfully completed......................................
2021-11-02 15:34:29,918:INFO:Initializing plot_model()
2021-11-02 15:34:29,993:INFO:plot_model(plot=pr, fold=None, use_train_data=False, verbose=True, is_in_evaluate=False, display=None, display_format=None, estimator=RandomForestClassifier(bootstrap=False, ccp_alpha=0.0, class_weight={},
                       criterion='entropy', max_depth=5, max_features=1.0,
                       max_leaf_nodes=None, max_samples=None,
                       min_impurity_decrease=0.0002, min_impurity_split=None,
                       min_samples_leaf=5, min_samples_split=10,
                       min_weight_fraction_leaf=0.0, n_estimators=150,
                       n_jobs=-1, oob_score=False, random_state=123, verbose=0,
                       warm_start=False), feature_name=None, fit_kwargs=None, groups=None, label=False, save=False, scale=1, system=True)
2021-11-02 15:34:29,993:INFO:Checking exceptions
2021-11-02 15:34:30,009:INFO:Preparing display monitor
2021-11-02 15:34:30,015:INFO:Preloading libraries
2021-11-02 15:34:30,039:INFO:Copying training dataset
2021-11-02 15:34:30,042:INFO:Copying test dataset
2021-11-02 15:34:30,045:INFO:Plot type: pr
2021-11-02 15:34:30,092:INFO:Fitting Model
2021-11-02 15:34:30,093:INFO:Scoring test/hold-out set
2021-11-02 15:34:30,592:INFO:Visual Rendered Successfully
2021-11-02 15:34:30,685:INFO:plot_model() succesfully completed......................................
2021-11-02 15:36:24,222:INFO:Initializing plot_model()
2021-11-02 15:36:24,222:INFO:plot_model(plot=feature, fold=None, use_train_data=False, verbose=True, is_in_evaluate=False, display=None, display_format=None, estimator=RandomForestClassifier(bootstrap=False, ccp_alpha=0.0, class_weight={},
                       criterion='entropy', max_depth=5, max_features=1.0,
                       max_leaf_nodes=None, max_samples=None,
                       min_impurity_decrease=0.0002, min_impurity_split=None,
                       min_samples_leaf=5, min_samples_split=10,
                       min_weight_fraction_leaf=0.0, n_estimators=150,
                       n_jobs=-1, oob_score=False, random_state=123, verbose=0,
                       warm_start=False), feature_name=None, fit_kwargs=None, groups=None, label=False, save=False, scale=1, system=True)
2021-11-02 15:36:24,223:INFO:Checking exceptions
2021-11-02 15:36:24,270:INFO:Preparing display monitor
2021-11-02 15:36:24,280:INFO:Preloading libraries
2021-11-02 15:36:24,303:INFO:Copying training dataset
2021-11-02 15:36:24,305:INFO:Copying test dataset
2021-11-02 15:36:24,307:INFO:Plot type: feature
2021-11-02 15:36:24,353:WARNING:No coef_ found. Trying feature_importances_
2021-11-02 15:36:24,607:INFO:Visual Rendered Successfully
2021-11-02 15:36:24,706:INFO:plot_model() succesfully completed......................................
2021-11-02 15:36:51,445:INFO:Initializing plot_model()
2021-11-02 15:36:51,445:INFO:plot_model(plot=confusion_matrix, fold=None, use_train_data=False, verbose=True, is_in_evaluate=False, display=None, display_format=None, estimator=RandomForestClassifier(bootstrap=False, ccp_alpha=0.0, class_weight={},
                       criterion='entropy', max_depth=5, max_features=1.0,
                       max_leaf_nodes=None, max_samples=None,
                       min_impurity_decrease=0.0002, min_impurity_split=None,
                       min_samples_leaf=5, min_samples_split=10,
                       min_weight_fraction_leaf=0.0, n_estimators=150,
                       n_jobs=-1, oob_score=False, random_state=123, verbose=0,
                       warm_start=False), feature_name=None, fit_kwargs=None, groups=None, label=False, save=False, scale=1, system=True)
2021-11-02 15:36:51,445:INFO:Checking exceptions
2021-11-02 15:36:51,488:INFO:Preparing display monitor
2021-11-02 15:36:51,503:INFO:Preloading libraries
2021-11-02 15:36:51,528:INFO:Copying training dataset
2021-11-02 15:36:51,531:INFO:Copying test dataset
2021-11-02 15:36:51,533:INFO:Plot type: confusion_matrix
2021-11-02 15:36:51,584:INFO:Fitting Model
2021-11-02 15:36:51,585:INFO:Scoring test/hold-out set
2021-11-02 15:36:51,922:INFO:Visual Rendered Successfully
2021-11-02 15:36:52,022:INFO:plot_model() succesfully completed......................................
2021-11-02 15:37:40,487:INFO:Initializing evaluate_model()
2021-11-02 15:37:40,493:INFO:evaluate_model(estimator=RandomForestClassifier(bootstrap=False, ccp_alpha=0.0, class_weight={},
                       criterion='entropy', max_depth=5, max_features=1.0,
                       max_leaf_nodes=None, max_samples=None,
                       min_impurity_decrease=0.0002, min_impurity_split=None,
                       min_samples_leaf=5, min_samples_split=10,
                       min_weight_fraction_leaf=0.0, n_estimators=150,
                       n_jobs=-1, oob_score=False, random_state=123, verbose=0,
                       warm_start=False), fold=None, fit_kwargs=None, feature_name=None, groups=None, use_train_data=False)
2021-11-02 15:37:40,776:INFO:Initializing plot_model()
2021-11-02 15:37:40,777:INFO:plot_model(plot=parameter, fold=StratifiedKFold(n_splits=10, random_state=None, shuffle=False), use_train_data=False, verbose=True, is_in_evaluate=True, display=None, display_format=None, estimator=RandomForestClassifier(bootstrap=False, ccp_alpha=0.0, class_weight={},
                       criterion='entropy', max_depth=5, max_features=1.0,
                       max_leaf_nodes=None, max_samples=None,
                       min_impurity_decrease=0.0002, min_impurity_split=None,
                       min_samples_leaf=5, min_samples_split=10,
                       min_weight_fraction_leaf=0.0, n_estimators=150,
                       n_jobs=-1, oob_score=False, random_state=123, verbose=0,
                       warm_start=False), feature_name=None, fit_kwargs={}, groups=None, label=False, save=False, scale=1, system=True)
2021-11-02 15:37:40,777:INFO:Checking exceptions
2021-11-02 15:37:40,802:INFO:Preparing display monitor
2021-11-02 15:37:40,814:INFO:Preloading libraries
2021-11-02 15:37:40,862:INFO:Copying training dataset
2021-11-02 15:37:40,865:INFO:Copying test dataset
2021-11-02 15:37:40,867:INFO:Plot type: parameter
2021-11-02 15:37:40,936:INFO:Visual Rendered Successfully
2021-11-02 15:37:41,046:INFO:plot_model() succesfully completed......................................
2021-11-02 15:38:00,036:INFO:Initializing plot_model()
2021-11-02 15:38:00,036:INFO:plot_model(plot=error, fold=StratifiedKFold(n_splits=10, random_state=None, shuffle=False), use_train_data=False, verbose=True, is_in_evaluate=True, display=None, display_format=None, estimator=RandomForestClassifier(bootstrap=False, ccp_alpha=0.0, class_weight={},
                       criterion='entropy', max_depth=5, max_features=1.0,
                       max_leaf_nodes=None, max_samples=None,
                       min_impurity_decrease=0.0002, min_impurity_split=None,
                       min_samples_leaf=5, min_samples_split=10,
                       min_weight_fraction_leaf=0.0, n_estimators=150,
                       n_jobs=-1, oob_score=False, random_state=123, verbose=0,
                       warm_start=False), feature_name=None, fit_kwargs={}, groups=None, label=False, save=False, scale=1, system=True)
2021-11-02 15:38:00,036:INFO:Checking exceptions
2021-11-02 15:38:00,064:INFO:Preparing display monitor
2021-11-02 15:38:00,072:INFO:Preloading libraries
2021-11-02 15:38:00,094:INFO:Copying training dataset
2021-11-02 15:38:00,096:INFO:Copying test dataset
2021-11-02 15:38:00,097:INFO:Plot type: error
2021-11-02 15:38:00,137:INFO:Fitting Model
2021-11-02 15:38:00,138:INFO:Scoring test/hold-out set
2021-11-02 15:38:00,557:INFO:Visual Rendered Successfully
2021-11-02 15:38:00,647:INFO:plot_model() succesfully completed......................................
2021-11-02 15:38:03,723:INFO:Initializing plot_model()
2021-11-02 15:38:03,723:INFO:plot_model(plot=auc, fold=StratifiedKFold(n_splits=10, random_state=None, shuffle=False), use_train_data=False, verbose=True, is_in_evaluate=True, display=None, display_format=None, estimator=RandomForestClassifier(bootstrap=False, ccp_alpha=0.0, class_weight={},
                       criterion='entropy', max_depth=5, max_features=1.0,
                       max_leaf_nodes=None, max_samples=None,
                       min_impurity_decrease=0.0002, min_impurity_split=None,
                       min_samples_leaf=5, min_samples_split=10,
                       min_weight_fraction_leaf=0.0, n_estimators=150,
                       n_jobs=-1, oob_score=False, random_state=123, verbose=0,
                       warm_start=False), feature_name=None, fit_kwargs={}, groups=None, label=False, save=False, scale=1, system=True)
2021-11-02 15:38:03,723:INFO:Checking exceptions
2021-11-02 15:38:03,752:INFO:Preparing display monitor
2021-11-02 15:38:03,759:INFO:Preloading libraries
2021-11-02 15:38:03,783:INFO:Copying training dataset
2021-11-02 15:38:03,786:INFO:Copying test dataset
2021-11-02 15:38:03,787:INFO:Plot type: auc
2021-11-02 15:38:03,836:INFO:Fitting Model
2021-11-02 15:38:03,838:INFO:Scoring test/hold-out set
2021-11-02 15:38:04,219:INFO:Visual Rendered Successfully
2021-11-02 15:38:04,315:INFO:plot_model() succesfully completed......................................
2021-11-02 15:38:08,315:INFO:Initializing plot_model()
2021-11-02 15:38:08,315:INFO:plot_model(plot=ks, fold=StratifiedKFold(n_splits=10, random_state=None, shuffle=False), use_train_data=False, verbose=True, is_in_evaluate=True, display=None, display_format=None, estimator=RandomForestClassifier(bootstrap=False, ccp_alpha=0.0, class_weight={},
                       criterion='entropy', max_depth=5, max_features=1.0,
                       max_leaf_nodes=None, max_samples=None,
                       min_impurity_decrease=0.0002, min_impurity_split=None,
                       min_samples_leaf=5, min_samples_split=10,
                       min_weight_fraction_leaf=0.0, n_estimators=150,
                       n_jobs=-1, oob_score=False, random_state=123, verbose=0,
                       warm_start=False), feature_name=None, fit_kwargs={}, groups=None, label=False, save=False, scale=1, system=True)
2021-11-02 15:38:08,316:INFO:Checking exceptions
2021-11-02 15:38:08,346:INFO:Preparing display monitor
2021-11-02 15:38:08,354:INFO:Preloading libraries
2021-11-02 15:38:08,378:INFO:Copying training dataset
2021-11-02 15:38:08,380:INFO:Copying test dataset
2021-11-02 15:38:08,381:INFO:Plot type: ks
2021-11-02 15:38:08,439:INFO:Generating predictions / predict_proba on X_test
2021-11-02 15:38:08,790:INFO:Visual Rendered Successfully
2021-11-02 15:38:08,877:INFO:plot_model() succesfully completed......................................
2021-11-02 15:38:17,660:INFO:Initializing plot_model()
2021-11-02 15:38:17,660:INFO:plot_model(plot=pr, fold=StratifiedKFold(n_splits=10, random_state=None, shuffle=False), use_train_data=False, verbose=True, is_in_evaluate=True, display=None, display_format=None, estimator=RandomForestClassifier(bootstrap=False, ccp_alpha=0.0, class_weight={},
                       criterion='entropy', max_depth=5, max_features=1.0,
                       max_leaf_nodes=None, max_samples=None,
                       min_impurity_decrease=0.0002, min_impurity_split=None,
                       min_samples_leaf=5, min_samples_split=10,
                       min_weight_fraction_leaf=0.0, n_estimators=150,
                       n_jobs=-1, oob_score=False, random_state=123, verbose=0,
                       warm_start=False), feature_name=None, fit_kwargs={}, groups=None, label=False, save=False, scale=1, system=True)
2021-11-02 15:38:17,660:INFO:Checking exceptions
2021-11-02 15:38:17,688:INFO:Preparing display monitor
2021-11-02 15:38:17,695:INFO:Preloading libraries
2021-11-02 15:38:17,722:INFO:Copying training dataset
2021-11-02 15:38:17,725:INFO:Copying test dataset
2021-11-02 15:38:17,726:INFO:Plot type: pr
2021-11-02 15:38:17,774:INFO:Fitting Model
2021-11-02 15:38:17,778:INFO:Scoring test/hold-out set
2021-11-02 15:38:18,138:INFO:Visual Rendered Successfully
2021-11-02 15:38:18,230:INFO:plot_model() succesfully completed......................................
2021-11-02 15:38:32,972:INFO:Initializing plot_model()
2021-11-02 15:38:32,972:INFO:plot_model(plot=learning, fold=StratifiedKFold(n_splits=10, random_state=None, shuffle=False), use_train_data=False, verbose=True, is_in_evaluate=True, display=None, display_format=None, estimator=RandomForestClassifier(bootstrap=False, ccp_alpha=0.0, class_weight={},
                       criterion='entropy', max_depth=5, max_features=1.0,
                       max_leaf_nodes=None, max_samples=None,
                       min_impurity_decrease=0.0002, min_impurity_split=None,
                       min_samples_leaf=5, min_samples_split=10,
                       min_weight_fraction_leaf=0.0, n_estimators=150,
                       n_jobs=-1, oob_score=False, random_state=123, verbose=0,
                       warm_start=False), feature_name=None, fit_kwargs={}, groups=None, label=False, save=False, scale=1, system=True)
2021-11-02 15:38:32,972:INFO:Checking exceptions
2021-11-02 15:38:33,004:INFO:Preparing display monitor
2021-11-02 15:38:33,011:INFO:Preloading libraries
2021-11-02 15:38:33,035:INFO:Copying training dataset
2021-11-02 15:38:33,038:INFO:Copying test dataset
2021-11-02 15:38:33,039:INFO:Plot type: learning
2021-11-02 15:38:33,214:INFO:Fitting Model
2021-11-02 15:48:43,988:INFO:Visual Rendered Successfully
2021-11-02 15:48:44,122:INFO:plot_model() succesfully completed......................................
2021-11-02 15:48:44,140:INFO:Initializing evaluate_model()
2021-11-02 15:48:44,141:INFO:evaluate_model(estimator=RandomForestClassifier(bootstrap=False, ccp_alpha=0.0, class_weight={},
                       criterion='entropy', max_depth=5, max_features=1.0,
                       max_leaf_nodes=None, max_samples=None,
                       min_impurity_decrease=0.0002, min_impurity_split=None,
                       min_samples_leaf=5, min_samples_split=10,
                       min_weight_fraction_leaf=0.0, n_estimators=150,
                       n_jobs=-1, oob_score=False, random_state=123, verbose=0,
                       warm_start=False), fold=None, fit_kwargs=None, feature_name=None, groups=None, use_train_data=False)
2021-11-02 15:48:44,195:INFO:Initializing plot_model()
2021-11-02 15:48:44,195:INFO:plot_model(plot=parameter, fold=StratifiedKFold(n_splits=10, random_state=None, shuffle=False), use_train_data=False, verbose=True, is_in_evaluate=True, display=None, display_format=None, estimator=RandomForestClassifier(bootstrap=False, ccp_alpha=0.0, class_weight={},
                       criterion='entropy', max_depth=5, max_features=1.0,
                       max_leaf_nodes=None, max_samples=None,
                       min_impurity_decrease=0.0002, min_impurity_split=None,
                       min_samples_leaf=5, min_samples_split=10,
                       min_weight_fraction_leaf=0.0, n_estimators=150,
                       n_jobs=-1, oob_score=False, random_state=123, verbose=0,
                       warm_start=False), feature_name=None, fit_kwargs={}, groups=None, label=False, save=False, scale=1, system=True)
2021-11-02 15:48:44,195:INFO:Checking exceptions
2021-11-02 15:48:44,235:INFO:Preparing display monitor
2021-11-02 15:48:44,246:INFO:Preloading libraries
2021-11-02 15:48:44,272:INFO:Copying training dataset
2021-11-02 15:48:44,278:INFO:Copying test dataset
2021-11-02 15:48:44,281:INFO:Plot type: parameter
2021-11-02 15:48:44,352:INFO:Visual Rendered Successfully
2021-11-02 15:48:44,458:INFO:plot_model() succesfully completed......................................
2021-11-02 15:48:44,472:INFO:Initializing plot_model()
2021-11-02 15:48:44,472:INFO:plot_model(plot=rfe, fold=StratifiedKFold(n_splits=10, random_state=None, shuffle=False), use_train_data=False, verbose=True, is_in_evaluate=True, display=None, display_format=None, estimator=RandomForestClassifier(bootstrap=False, ccp_alpha=0.0, class_weight={},
                       criterion='entropy', max_depth=5, max_features=1.0,
                       max_leaf_nodes=None, max_samples=None,
                       min_impurity_decrease=0.0002, min_impurity_split=None,
                       min_samples_leaf=5, min_samples_split=10,
                       min_weight_fraction_leaf=0.0, n_estimators=150,
                       n_jobs=-1, oob_score=False, random_state=123, verbose=0,
                       warm_start=False), feature_name=None, fit_kwargs={}, groups=None, label=False, save=False, scale=1, system=True)
2021-11-02 15:48:44,472:INFO:Checking exceptions
2021-11-02 15:48:44,497:INFO:Preparing display monitor
2021-11-02 15:48:44,507:INFO:Preloading libraries
2021-11-02 15:48:44,528:INFO:Copying training dataset
2021-11-02 15:48:44,529:INFO:Copying test dataset
2021-11-02 15:48:44,531:INFO:Plot type: rfe
2021-11-02 15:48:44,564:INFO:Fitting Model
